<?xml version="1.0" encoding="UTF-8"?>
<!-- Generated by org.testng.reporters.JUnitReportReporter -->
<testsuite hostname="DESKTOP-USUCV86" failures="0" tests="1" name="package1.Tc9" time="21.640" errors="0" timestamp="2024-02-06T15:19:52 IST" skipped="0">
  <testcase classname="package1.Tc9" name="allAddbtn" time="21.640"/>
</testsuite> <!-- package1.Tc9 -->
