<?xml version="1.0" encoding="UTF-8"?>
<!-- Generated by org.testng.reporters.JUnitReportReporter -->
<testsuite hostname="DESKTOP-USUCV86" failures="0" tests="1" name="package1.Tc5" time="19.406" errors="0" timestamp="2024-02-06T15:16:27 IST" skipped="0">
  <testcase classname="package1.Tc5" name="productCart" time="19.406"/>
</testsuite> <!-- package1.Tc5 -->
