<?xml version="1.0" encoding="UTF-8"?>
<!-- Generated by org.testng.reporters.JUnitReportReporter -->
<testsuite hostname="DESKTOP-USUCV86" failures="0" tests="1" name="package1.Tc4" time="15.191" errors="0" timestamp="2024-02-06T15:15:57 IST" skipped="0">
  <testcase classname="package1.Tc4" name="addBtn" time="15.191"/>
</testsuite> <!-- package1.Tc4 -->
