<?xml version="1.0" encoding="UTF-8"?>
<!-- Generated by org.testng.reporters.JUnitReportReporter -->
<testsuite hostname="DESKTOP-USUCV86" failures="0" tests="1" name="package1.Tc13" time="12.346" errors="0" timestamp="2024-02-06T15:22:17 IST" skipped="0">
  <testcase classname="package1.Tc13" name="cartBtn" time="12.346"/>
</testsuite> <!-- package1.Tc13 -->
