<?xml version="1.0" encoding="UTF-8"?>
<!-- Generated by org.testng.reporters.JUnitReportReporter -->
<testsuite hostname="DESKTOP-USUCV86" failures="0" tests="1" name="package1.Tc12" time="16.023" errors="0" timestamp="2024-02-06T15:21:40 IST" skipped="0">
  <testcase classname="package1.Tc12" name="productAddbtn" time="16.023"/>
</testsuite> <!-- package1.Tc12 -->
