<?xml version="1.0" encoding="UTF-8"?>
<!-- Generated by org.testng.reporters.JUnitReportReporter -->
<testsuite hostname="DESKTOP-USUCV86" failures="0" tests="1" name="package1.Tc14" time="13.742" errors="0" timestamp="2024-02-06T15:22:39 IST" skipped="0">
  <testcase classname="package1.Tc14" name="backToProductBtnEnable" time="13.742"/>
</testsuite> <!-- package1.Tc14 -->
