<?xml version="1.0" encoding="UTF-8"?>
<!-- Generated by org.testng.reporters.JUnitReportReporter -->
<testsuite hostname="DESKTOP-USUCV86" failures="0" tests="1" name="package1.Tc6" time="19.531" errors="0" timestamp="2024-02-06T15:17:53 IST" skipped="0">
  <testcase classname="package1.Tc6" name="checkbtn" time="19.531"/>
</testsuite> <!-- package1.Tc6 -->
