<?xml version="1.0" encoding="UTF-8"?>
<!-- Generated by org.testng.reporters.JUnitReportReporter -->
<testsuite hostname="DESKTOP-USUCV86" failures="0" tests="1" name="package1.Tc10" time="13.891" errors="0" timestamp="2024-02-06T15:20:27 IST" skipped="0">
  <testcase classname="package1.Tc10" name="filter" time="13.891"/>
</testsuite> <!-- package1.Tc10 -->
