<?xml version="1.0" encoding="UTF-8"?>
<!-- Generated by org.testng.reporters.JUnitReportReporter -->
<testsuite hostname="DESKTOP-USUCV86" failures="0" tests="1" name="package1.Tc15" time="13.437" errors="0" timestamp="2024-02-06T15:23:07 IST" skipped="0">
  <testcase classname="package1.Tc15" name="backToProductBtnWrking" time="13.437"/>
</testsuite> <!-- package1.Tc15 -->
