<?xml version="1.0" encoding="UTF-8"?>
<!-- Generated by org.testng.reporters.JUnitReportReporter -->
<testsuite hostname="DESKTOP-USUCV86" failures="0" tests="1" name="package1.Tc20" time="20.323" errors="0" timestamp="2024-02-06T15:26:44 IST" skipped="0">
  <testcase classname="package1.Tc20" name="yourcartRemoveBtn" time="20.323"/>
</testsuite> <!-- package1.Tc20 -->
